<?xml version="1.0" encoding="UTF-8"?>
<coverage generated="1549022691404" clover="3.2.0">
  <project timestamp="1549022691404" name="All files">
    <metrics statements="17" coveredstatements="13" conditionals="14" coveredconditionals="10" methods="5" coveredmethods="5" elements="36" coveredelements="28" complexity="0" loc="17" ncloc="17" packages="1" files="1" classes="1"/>
    <file name="FakeAPI.js" path="/Users/habbe/Dropbox/dbwebb-kurser/ramverk2/me/redovisa/classes/FakeAPI.js">
      <metrics statements="17" coveredstatements="13" conditionals="14" coveredconditionals="10" methods="5" coveredmethods="5"/>
      <line num="13" count="1" type="cond" truecount="2" falsecount="0"/>
      <line num="14" count="1" type="cond" truecount="2" falsecount="0"/>
      <line num="18" count="2" type="stmt"/>
      <line num="19" count="4" type="stmt"/>
      <line num="20" count="2" type="cond" truecount="2" falsecount="2"/>
      <line num="22" count="1" type="stmt"/>
      <line num="28" count="0" type="stmt"/>
      <line num="34" count="0" type="stmt"/>
      <line num="55" count="1" type="stmt"/>
      <line num="63" count="4" type="cond" truecount="2" falsecount="0"/>
      <line num="64" count="2" type="stmt"/>
      <line num="65" count="2" type="stmt"/>
      <line num="66" count="2" type="cond" truecount="1" falsecount="2"/>
      <line num="68" count="2" type="stmt"/>
      <line num="73" count="0" type="stmt"/>
      <line num="78" count="0" type="stmt"/>
      <line num="86" count="1" type="stmt"/>
    </file>
  </project>
</coverage>
