{"/Users/habbe/Dropbox/dbwebb-kurser/ramverk2/me/redovisa/classes/FakeAPI.js": {"path":"/Users/habbe/Dropbox/dbwebb-kurser/ramverk2/me/redovisa/classes/FakeAPI.js","statementMap":{"0":{"start":{"line":13,"column":8},"end":{"line":13,"column":73}},"1":{"start":{"line":14,"column":8},"end":{"line":14,"column":68}},"2":{"start":{"line":18,"column":24},"end":{"line":18,"column":49}},"3":{"start":{"line":19,"column":22},"end":{"line":19,"column":81}},"4":{"start":{"line":19,"column":56},"end":{"line":19,"column":80}},"5":{"start":{"line":20,"column":8},"end":{"line":59,"column":9}},"6":{"start":{"line":22,"column":16},"end":{"line":26,"column":17}},"7":{"start":{"line":28,"column":16},"end":{"line":32,"column":17}},"8":{"start":{"line":34,"column":16},"end":{"line":52,"column":17}},"9":{"start":{"line":55,"column":16},"end":{"line":58,"column":17}},"10":{"start":{"line":63,"column":8},"end":{"line":63,"column":45}},"11":{"start":{"line":63,"column":19},"end":{"line":63,"column":45}},"12":{"start":{"line":64,"column":24},"end":{"line":64,"column":49}},"13":{"start":{"line":65,"column":22},"end":{"line":65,"column":82}},"14":{"start":{"line":65,"column":57},"end":{"line":65,"column":81}},"15":{"start":{"line":66,"column":8},"end":{"line":82,"column":9}},"16":{"start":{"line":68,"column":16},"end":{"line":71,"column":17}},"17":{"start":{"line":73,"column":16},"end":{"line":76,"column":17}},"18":{"start":{"line":78,"column":16},"end":{"line":81,"column":17}},"19":{"start":{"line":86,"column":0},"end":{"line":86,"column":25}}},"fnMap":{"0":{"name":"(anonymous_0)","decl":{"start":{"line":12,"column":4},"end":{"line":12,"column":5}},"loc":{"start":{"line":12,"column":30},"end":{"line":15,"column":5}},"line":12},"1":{"name":"(anonymous_1)","decl":{"start":{"line":17,"column":4},"end":{"line":17,"column":5}},"loc":{"start":{"line":17,"column":18},"end":{"line":60,"column":5}},"line":17},"2":{"name":"(anonymous_2)","decl":{"start":{"line":19,"column":42},"end":{"line":19,"column":43}},"loc":{"start":{"line":19,"column":56},"end":{"line":19,"column":80}},"line":19},"3":{"name":"(anonymous_3)","decl":{"start":{"line":62,"column":4},"end":{"line":62,"column":5}},"loc":{"start":{"line":62,"column":25},"end":{"line":83,"column":5}},"line":62},"4":{"name":"(anonymous_4)","decl":{"start":{"line":65,"column":43},"end":{"line":65,"column":44}},"loc":{"start":{"line":65,"column":57},"end":{"line":65,"column":81}},"line":65}},"branchMap":{"0":{"loc":{"start":{"line":12,"column":16},"end":{"line":12,"column":28}},"type":"default-arg","locations":[{"start":{"line":12,"column":26},"end":{"line":12,"column":28}}],"line":12},"1":{"loc":{"start":{"line":13,"column":26},"end":{"line":13,"column":72}},"type":"binary-expr","locations":[{"start":{"line":13,"column":26},"end":{"line":13,"column":43}},{"start":{"line":13,"column":48},"end":{"line":13,"column":72}}],"line":13},"2":{"loc":{"start":{"line":14,"column":26},"end":{"line":14,"column":67}},"type":"binary-expr","locations":[{"start":{"line":14,"column":26},"end":{"line":14,"column":44}},{"start":{"line":14,"column":48},"end":{"line":14,"column":67}}],"line":14},"3":{"loc":{"start":{"line":20,"column":8},"end":{"line":59,"column":9}},"type":"switch","locations":[{"start":{"line":21,"column":12},"end":{"line":26,"column":17}},{"start":{"line":27,"column":12},"end":{"line":32,"column":17}},{"start":{"line":33,"column":12},"end":{"line":52,"column":17}},{"start":{"line":54,"column":12},"end":{"line":58,"column":17}}],"line":20},"4":{"loc":{"start":{"line":63,"column":8},"end":{"line":63,"column":45}},"type":"if","locations":[{"start":{"line":63,"column":8},"end":{"line":63,"column":45}},{"start":{"line":63,"column":8},"end":{"line":63,"column":45}}],"line":63},"5":{"loc":{"start":{"line":66,"column":8},"end":{"line":82,"column":9}},"type":"switch","locations":[{"start":{"line":67,"column":12},"end":{"line":71,"column":17}},{"start":{"line":72,"column":12},"end":{"line":76,"column":17}},{"start":{"line":77,"column":12},"end":{"line":81,"column":17}}],"line":66}},"s":{"0":1,"1":1,"2":2,"3":2,"4":4,"5":2,"6":1,"7":0,"8":0,"9":1,"10":4,"11":2,"12":2,"13":2,"14":2,"15":2,"16":2,"17":0,"18":0,"19":1},"f":{"0":1,"1":2,"2":4,"3":4,"4":2},"b":{"0":[1],"1":[1,1],"2":[1,1],"3":[1,0,0,1],"4":[2,2],"5":[2,0,0]},"_coverageSchema":"43e27e138ebf9cfc5966b082cf9a028302ed4184","hash":"1f86bf69b45a51f3ab682c13991c2c409eed74e6"}
}
