TN:
SF:/Users/habbe/Dropbox/dbwebb-kurser/ramverk2/me/redovisa/app.js
FN:37,(anonymous_0)
FN:44,(anonymous_1)
FN:60,(anonymous_2)
FNF:3
FNH:1
FNDA:0,(anonymous_0)
FNDA:0,(anonymous_1)
FNDA:1,(anonymous_2)
DA:1,1
DA:2,1
DA:3,1
DA:4,1
DA:5,1
DA:6,1
DA:7,1
DA:8,1
DA:10,1
DA:13,1
DA:15,1
DA:16,1
DA:20,1
DA:23,1
DA:25,0
DA:28,1
DA:29,1
DA:30,1
DA:31,1
DA:37,1
DA:38,0
DA:39,0
DA:40,0
DA:44,1
DA:45,0
DA:46,0
DA:49,0
DA:60,1
DA:63,1
LF:29
LH:22
BRDA:23,0,0,0
BRDA:23,0,1,1
BRDA:45,1,0,0
BRDA:45,1,1,0
BRDA:49,2,0,0
BRDA:49,2,1,0
BRF:6
BRH:1
end_of_record
TN:
SF:/Users/habbe/Dropbox/dbwebb-kurser/ramverk2/me/redovisa/classes/FakeAPI.js
FN:12,(anonymous_0)
FN:17,(anonymous_1)
FN:19,(anonymous_2)
FN:62,(anonymous_3)
FN:65,(anonymous_4)
FNF:5
FNH:5
FNDA:1,(anonymous_0)
FNDA:5,(anonymous_1)
FNDA:11,(anonymous_2)
FNDA:6,(anonymous_3)
FNDA:5,(anonymous_4)
DA:13,1
DA:14,1
DA:18,5
DA:19,11
DA:20,5
DA:22,1
DA:28,1
DA:34,2
DA:55,1
DA:63,6
DA:64,3
DA:65,5
DA:66,3
DA:68,1
DA:73,1
DA:78,1
DA:86,1
LF:17
LH:17
BRDA:12,0,0,1
BRDA:13,1,0,1
BRDA:13,1,1,1
BRDA:14,2,0,1
BRDA:14,2,1,1
BRDA:20,3,0,1
BRDA:20,3,1,1
BRDA:20,3,2,2
BRDA:20,3,3,1
BRDA:63,4,0,3
BRDA:63,4,1,3
BRDA:66,5,0,1
BRDA:66,5,1,1
BRDA:66,5,2,1
BRF:14
BRH:14
end_of_record
TN:
SF:/Users/habbe/Dropbox/dbwebb-kurser/ramverk2/me/redovisa/routes/index.js
FN:8,(anonymous_0)
FN:19,(anonymous_1)
FN:25,(anonymous_2)
FN:31,(anonymous_3)
FN:42,checkToken
FN:46,(anonymous_5)
FNF:6
FNH:0
FNDA:0,(anonymous_0)
FNDA:0,(anonymous_1)
FNDA:0,(anonymous_2)
FNDA:0,(anonymous_3)
FNDA:0,checkToken
FNDA:0,(anonymous_5)
DA:1,1
DA:2,1
DA:3,1
DA:4,1
DA:5,1
DA:6,1
DA:8,1
DA:10,0
DA:11,0
DA:12,0
DA:16,0
DA:19,1
DA:21,0
DA:25,1
DA:26,0
DA:28,0
DA:29,0
DA:32,0
DA:33,0
DA:35,0
DA:38,0
DA:43,0
DA:44,0
DA:46,0
DA:47,0
DA:48,0
DA:50,0
DA:51,0
DA:53,0
DA:57,1
LF:30
LH:10
BRDA:32,0,0,0
BRDA:32,0,1,0
BRDA:43,1,0,0
BRDA:43,1,1,0
BRDA:47,2,0,0
BRDA:47,2,1,0
BRF:6
BRH:0
end_of_record
TN:
SF:/Users/habbe/Dropbox/dbwebb-kurser/ramverk2/me/redovisa/routes/login.js
FN:8,(anonymous_0)
FN:12,(anonymous_1)
FN:13,(anonymous_2)
FN:16,(anonymous_3)
FNF:4
FNH:0
FNDA:0,(anonymous_0)
FNDA:0,(anonymous_1)
FNDA:0,(anonymous_2)
FNDA:0,(anonymous_3)
DA:1,1
DA:2,1
DA:3,1
DA:4,1
DA:5,1
DA:6,1
DA:8,1
DA:9,0
DA:10,0
DA:12,0
DA:13,0
DA:14,0
DA:17,0
DA:19,0
DA:24,0
DA:25,0
DA:26,0
DA:28,0
DA:29,0
DA:30,0
DA:31,0
DA:32,0
DA:33,0
DA:35,0
DA:37,0
DA:38,0
DA:43,1
LF:27
LH:8
BRDA:17,0,0,0
BRDA:17,0,1,0
BRDA:25,1,0,0
BRDA:25,1,1,0
BRDA:29,2,0,0
BRDA:29,2,1,0
BRF:6
BRH:0
end_of_record
TN:
SF:/Users/habbe/Dropbox/dbwebb-kurser/ramverk2/me/redovisa/routes/register.js
FN:8,(anonymous_0)
FN:13,(anonymous_1)
FNF:2
FNH:0
FNDA:0,(anonymous_0)
FNDA:0,(anonymous_1)
DA:1,1
DA:2,1
DA:3,1
DA:4,1
DA:5,1
DA:6,1
DA:8,1
DA:9,0
DA:10,0
DA:11,0
DA:14,0
DA:15,0
DA:17,0
DA:21,0
DA:24,1
LF:15
LH:8
BRDA:14,0,0,0
BRDA:14,0,1,0
BRF:2
BRH:0
end_of_record
TN:
SF:/Users/habbe/Dropbox/dbwebb-kurser/ramverk2/me/redovisa/routes/report.js
FN:7,(anonymous_0)
FN:16,(anonymous_1)
FN:25,(anonymous_2)
FN:34,getReport
FN:35,(anonymous_4)
FN:38,(anonymous_5)
FNF:6
FNH:4
FNDA:1,(anonymous_0)
FNDA:0,(anonymous_1)
FNDA:0,(anonymous_2)
FNDA:1,getReport
FNDA:1,(anonymous_4)
FNDA:1,(anonymous_5)
DA:1,1
DA:2,1
DA:3,1
DA:4,1
DA:5,1
DA:7,1
DA:8,1
DA:9,1
DA:13,1
DA:16,1
DA:17,0
DA:18,0
DA:22,0
DA:25,1
DA:26,0
DA:27,0
DA:31,0
DA:35,1
DA:36,1
DA:39,1
DA:41,1
DA:47,1
LF:22
LH:16
BRDA:39,0,0,0
BRDA:39,0,1,1
BRF:2
BRH:1
end_of_record
