TN:
SF:/Users/habbe/Dropbox/dbwebb-kurser/ramverk2/me/redovisa/app.js
FN:37,(anonymous_0)
FN:44,(anonymous_1)
FN:60,(anonymous_2)
FNF:3
FNH:3
FNDA:1,(anonymous_0)
FNDA:1,(anonymous_1)
FNDA:1,(anonymous_2)
DA:1,1
DA:2,1
DA:3,1
DA:4,1
DA:5,1
DA:6,1
DA:7,1
DA:8,1
DA:10,1
DA:13,1
DA:15,1
DA:16,1
DA:20,1
DA:23,1
DA:25,0
DA:28,1
DA:29,1
DA:30,1
DA:31,1
DA:37,1
DA:38,1
DA:39,1
DA:40,1
DA:44,1
DA:45,1
DA:46,0
DA:49,1
DA:60,1
DA:63,1
LF:29
LH:27
BRDA:23,0,0,0
BRDA:23,0,1,1
BRDA:45,1,0,0
BRDA:45,1,1,1
BRDA:49,2,0,1
BRDA:49,2,1,0
BRF:6
BRH:3
end_of_record
TN:
SF:/Users/habbe/Dropbox/dbwebb-kurser/ramverk2/me/redovisa/classes/FakeAPI.js
FN:12,(anonymous_0)
FN:17,(anonymous_1)
FN:19,(anonymous_2)
FN:62,(anonymous_3)
FN:65,(anonymous_4)
FNF:5
FNH:5
FNDA:1,(anonymous_0)
FNDA:5,(anonymous_1)
FNDA:11,(anonymous_2)
FNDA:6,(anonymous_3)
FNDA:5,(anonymous_4)
DA:13,1
DA:14,1
DA:18,5
DA:19,11
DA:20,5
DA:22,1
DA:28,1
DA:34,2
DA:55,1
DA:63,6
DA:64,3
DA:65,5
DA:66,3
DA:68,1
DA:73,1
DA:78,1
DA:86,1
LF:17
LH:17
BRDA:12,0,0,1
BRDA:13,1,0,1
BRDA:13,1,1,1
BRDA:14,2,0,1
BRDA:14,2,1,1
BRDA:20,3,0,1
BRDA:20,3,1,1
BRDA:20,3,2,2
BRDA:20,3,3,1
BRDA:63,4,0,3
BRDA:63,4,1,3
BRDA:66,5,0,1
BRDA:66,5,1,1
BRDA:66,5,2,1
BRF:14
BRH:14
end_of_record
TN:
SF:/Users/habbe/Dropbox/dbwebb-kurser/ramverk2/me/redovisa/db/database.js
FN:3,(anonymous_0)
FNF:1
FNH:1
FNDA:1,(anonymous_0)
DA:1,1
DA:3,1
DA:4,1
DA:5,1
DA:8,0
LF:5
LH:4
BRDA:4,0,0,1
BRDA:4,0,1,0
BRF:2
BRH:1
end_of_record
TN:
SF:/Users/habbe/Dropbox/dbwebb-kurser/ramverk2/me/redovisa/routes/index.js
FN:8,(anonymous_0)
FN:18,(anonymous_1)
FN:24,(anonymous_2)
FN:30,(anonymous_3)
FN:41,checkToken
FN:45,(anonymous_5)
FNF:6
FNH:4
FNDA:1,(anonymous_0)
FNDA:1,(anonymous_1)
FNDA:0,(anonymous_2)
FNDA:0,(anonymous_3)
FNDA:2,checkToken
FNDA:2,(anonymous_5)
DA:1,1
DA:2,1
DA:3,1
DA:4,1
DA:5,1
DA:6,1
DA:8,1
DA:10,1
DA:11,1
DA:15,1
DA:18,1
DA:20,1
DA:24,1
DA:25,0
DA:27,0
DA:28,0
DA:31,0
DA:32,0
DA:34,0
DA:37,0
DA:42,2
DA:43,2
DA:45,2
DA:46,2
DA:47,1
DA:49,1
DA:50,1
DA:52,1
DA:56,1
LF:29
LH:22
BRDA:31,0,0,0
BRDA:31,0,1,0
BRDA:42,1,0,2
BRDA:42,1,1,1
BRDA:46,2,0,1
BRDA:46,2,1,1
BRF:6
BRH:4
end_of_record
TN:
SF:/Users/habbe/Dropbox/dbwebb-kurser/ramverk2/me/redovisa/routes/login.js
FN:7,(anonymous_0)
FN:11,(anonymous_1)
FN:12,(anonymous_2)
FN:15,(anonymous_3)
FNF:4
FNH:4
FNDA:2,(anonymous_0)
FNDA:2,(anonymous_1)
FNDA:2,(anonymous_2)
FNDA:2,(anonymous_3)
DA:1,1
DA:2,1
DA:3,1
DA:4,1
DA:5,1
DA:7,1
DA:8,2
DA:9,2
DA:11,2
DA:12,2
DA:13,2
DA:16,2
DA:18,2
DA:23,2
DA:24,2
DA:25,0
DA:27,2
DA:28,2
DA:29,2
DA:30,2
DA:31,2
DA:32,2
DA:34,2
DA:36,0
DA:37,0
DA:42,1
LF:26
LH:23
BRDA:16,0,0,0
BRDA:16,0,1,2
BRDA:24,1,0,0
BRDA:24,1,1,2
BRDA:28,2,0,2
BRDA:28,2,1,0
BRF:6
BRH:3
end_of_record
TN:
SF:/Users/habbe/Dropbox/dbwebb-kurser/ramverk2/me/redovisa/routes/register.js
FN:7,(anonymous_0)
FN:13,(anonymous_1)
FNF:2
FNH:2
FNDA:1,(anonymous_0)
FNDA:1,(anonymous_1)
DA:1,1
DA:2,1
DA:3,1
DA:4,1
DA:5,1
DA:7,1
DA:8,1
DA:9,1
DA:10,1
DA:11,1
DA:14,1
DA:15,1
DA:16,1
DA:18,0
DA:22,1
DA:25,1
LF:16
LH:15
BRDA:15,0,0,1
BRDA:15,0,1,0
BRF:2
BRH:1
end_of_record
TN:
SF:/Users/habbe/Dropbox/dbwebb-kurser/ramverk2/me/redovisa/routes/report.js
FN:7,(anonymous_0)
FN:16,(anonymous_1)
FN:25,(anonymous_2)
FN:34,getReport
FN:35,(anonymous_4)
FN:38,(anonymous_5)
FNF:6
FNH:5
FNDA:1,(anonymous_0)
FNDA:1,(anonymous_1)
FNDA:0,(anonymous_2)
FNDA:2,getReport
FNDA:2,(anonymous_4)
FNDA:2,(anonymous_5)
DA:1,1
DA:2,1
DA:3,1
DA:4,1
DA:7,1
DA:8,1
DA:9,1
DA:13,1
DA:16,1
DA:17,1
DA:18,1
DA:22,1
DA:25,1
DA:26,0
DA:27,0
DA:31,0
DA:35,2
DA:36,2
DA:39,2
DA:41,2
DA:47,1
LF:21
LH:18
BRDA:39,0,0,0
BRDA:39,0,1,2
BRF:2
BRH:1
end_of_record
